Build started 20-11-2024 6.58.30 PM.
     1>Project "E:\DSA\LINKED LIST\LinkedList\LinkedList\LinkedList.vcxproj" on node 2 (build target(s)).
     1>InitializeBuildStatus:
         Creating "Debug\LinkedList.unsuccessfulbuild" because "AlwaysCreate" was specified.
       ClCompile:
         C:\Program Files (x86)\Microsoft Visual Studio 10.0\VC\bin\CL.exe /c /ZI /nologo /W3 /WX- /Od /Oy- /D WIN32 /D _DEBUG /D _CONSOLE /D _UNICODE /D UNICODE /Gm /EHsc /RTC1 /MDd /GS /fp:precise /Zc:wchar_t /Zc:forScope /Fo"Debug\\" /Fd"Debug\vc100.pdb" /Gd /TP /analyze- /errorReport:prompt LinkedList_1.cpp
         LinkedList_1.cpp
       ManifestResourceCompile:
         All outputs are up-to-date.
       Link:
         C:\Program Files (x86)\Microsoft Visual Studio 10.0\VC\bin\link.exe /ERRORREPORT:PROMPT /OUT:"E:\DSA\LINKED LIST\LinkedList\Debug\LinkedList.exe" /INCREMENTAL /NOLOGO kernel32.lib user32.lib gdi32.lib winspool.lib comdlg32.lib advapi32.lib shell32.lib ole32.lib oleaut32.lib uuid.lib odbc32.lib odbccp32.lib /MANIFEST /ManifestFile:"Debug\LinkedList.exe.intermediate.manifest" /MANIFESTUAC:"level='asInvoker' uiAccess='false'" /DEBUG /PDB:"E:\DSA\LINKED LIST\LinkedList\Debug\LinkedList.pdb" /SUBSYSTEM:CONSOLE /TLBID:1 /DYNAMICBASE /NXCOMPAT /IMPLIB:"E:\DSA\LINKED LIST\LinkedList\Debug\LinkedList.lib" /MACHINE:X86 Debug\LinkedList.exe.embed.manifest.res
         Debug\LinkedList_1.obj
       Manifest:
         C:\Program Files (x86)\Microsoft SDKs\Windows\v7.0A\bin\mt.exe /nologo /verbose /out:"Debug\LinkedList.exe.embed.manifest" /manifest Debug\LinkedList.exe.intermediate.manifest
         All outputs are up-to-date.
       LinkEmbedManifest:
         All outputs are up-to-date.
         LinkedList.vcxproj -> E:\DSA\LINKED LIST\LinkedList\Debug\LinkedList.exe
       FinalizeBuildStatus:
         Deleting file "Debug\LinkedList.unsuccessfulbuild".
         Touching "Debug\LinkedList.lastbuildstate".
     1>Done Building Project "E:\DSA\LINKED LIST\LinkedList\LinkedList\LinkedList.vcxproj" (build target(s)).

Build succeeded.

Time Elapsed 00:00:00.83
